# JRE version: Java(TM) SE Runtime Environment (21.0.5+9) (build 21.0.5+9-LTS-239)
# Java VM: Java HotSpot(TM) 64-Bit Server VM (21.0.5+9-LTS-239, mixed mode, sharing, tiered, compressed oops, compressed class ptrs, g1 gc, windows-amd64)
GC Precious Log:
 CardTable entry size: 512
 Card Set container configuration: InlinePtr #cards 5 size 8 Array Of Cards #cards 12 size 40 Howl #buckets 4 coarsen threshold 1843 Howl Bitmap #cards 512 size 80 coarsen threshold 460 Card regions per heap region 1 cards per card region 2048
 CPUs: 4 total, 4 available
 Memory: 8103M
 Large Page Support: Disabled
 NUMA Support: Disabled
 Compressed Oops: Enabled (32-bit)
 Heap Region Size: 1M
 Heap Min Capacity: 8M
 Heap Initial Capacity: 128M
 Heap Max Capacity: 2G
 Pre-touch: Disabled
 Parallel Workers: 4
 Concurrent Workers: 1
 Concurrent Refinement Workers: 4
 Periodic GC: Disabled
Heap:
 garbage-first heap   total 368640K, used 310748K [0x0000000080000000, 0x0000000100000000)
  region size 1024K, 65 young (66560K), 8 survivors (8192K)
 Metaspace       used 127738K, committed 130112K, reserved 1179648K
  class space    used 16855K, committed 18048K, reserved 1048576K
GC Heap History (20 events):
Event: 555.425 GC heap before
{Heap before GC invocations=50 (full 0):
 garbage-first heap   total 228352K, used 205208K [0x0000000080000000, 0x0000000100000000)
  region size 1024K, 67 young (68608K), 9 survivors (9216K)
 Metaspace       used 117256K, committed 119616K, reserved 1179648K
  class space    used 15343K, committed 16512K, reserved 1048576K
}
Event: 555.467 GC heap after
{Heap after GC invocations=51 (full 0):
 garbage-first heap   total 228352K, used 147456K [0x0000000080000000, 0x0000000100000000)
  region size 1024K, 2 young (2048K), 2 survivors (2048K)
 Metaspace       used 117256K, committed 119616K, reserved 1179648K
  class space    used 15343K, committed 16512K, reserved 1048576K
}
Event: 567.779 GC heap before
{Heap before GC invocations=51 (full 0):
 garbage-first heap   total 228352K, used 208896K [0x0000000080000000, 0x0000000100000000)
  region size 1024K, 63 young (64512K), 2 survivors (2048K)
 Metaspace       used 119013K, committed 121408K, reserved 1179648K
  class space    used 15533K, committed 16704K, reserved 1048576K
}
Event: 567.816 GC heap after
{Heap after GC invocations=52 (full 0):
 garbage-first heap   total 228352K, used 150528K [0x0000000080000000, 0x0000000100000000)
  region size 1024K, 5 young (5120K), 5 survivors (5120K)
 Metaspace       used 119013K, committed 121408K, reserved 1179648K
  class space    used 15533K, committed 16704K, reserved 1048576K
}
Event: 584.934 GC heap before
{Heap before GC invocations=53 (full 0):
 garbage-first heap   total 252928K, used 205824K [0x0000000080000000, 0x0000000100000000)
  region size 1024K, 63 young (64512K), 5 survivors (5120K)
 Metaspace       used 120285K, committed 122624K, reserved 1179648K
  class space    used 15676K, committed 16832K, reserved 1048576K
}
Event: 584.954 GC heap after
{Heap after GC invocations=54 (full 0):
 garbage-first heap   total 252928K, used 149196K [0x0000000080000000, 0x0000000100000000)
  region size 1024K, 6 young (6144K), 6 survivors (6144K)
 Metaspace       used 120285K, committed 122624K, reserved 1179648K
  class space    used 15676K, committed 16832K, reserved 1048576K
}
Event: 612.304 GC heap before
{Heap before GC invocations=54 (full 0):
 garbage-first heap   total 252928K, used 229068K [0x0000000080000000, 0x0000000100000000)
  region size 1024K, 85 young (87040K), 6 survivors (6144K)
 Metaspace       used 120855K, committed 123200K, reserved 1179648K
  class space    used 15751K, committed 16960K, reserved 1048576K
}
Event: 612.355 GC heap after
{Heap after GC invocations=55 (full 0):
 garbage-first heap   total 252928K, used 140673K [0x0000000080000000, 0x0000000100000000)
  region size 1024K, 10 young (10240K), 10 survivors (10240K)
 Metaspace       used 120855K, committed 123200K, reserved 1179648K
  class space    used 15751K, committed 16960K, reserved 1048576K
}
Event: 617.675 GC heap before
{Heap before GC invocations=55 (full 0):
 garbage-first heap   total 252928K, used 168321K [0x0000000080000000, 0x0000000100000000)
  region size 1024K, 38 young (38912K), 10 survivors (10240K)
 Metaspace       used 121487K, committed 123840K, reserved 1179648K
  class space    used 15816K, committed 16960K, reserved 1048576K
}
Event: 617.715 GC heap after
{Heap after GC invocations=56 (full 0):
 garbage-first heap   total 252928K, used 141944K [0x0000000080000000, 0x0000000100000000)
  region size 1024K, 7 young (7168K), 7 survivors (7168K)
 Metaspace       used 121487K, committed 123840K, reserved 1179648K
  class space    used 15816K, committed 16960K, reserved 1048576K
}
Event: 622.703 GC heap before
{Heap before GC invocations=57 (full 0):
 garbage-first heap   total 262144K, used 260728K [0x0000000080000000, 0x0000000100000000)
  region size 1024K, 66 young (67584K), 7 survivors (7168K)
 Metaspace       used 124770K, committed 127104K, reserved 1179648K
  class space    used 16282K, committed 17472K, reserved 1048576K
}
Event: 622.721 GC heap after
{Heap after GC invocations=58 (full 0):
 garbage-first heap   total 276480K, used 184011K [0x0000000080000000, 0x0000000100000000)
  region size 1024K, 11 young (11264K), 11 survivors (11264K)
 Metaspace       used 124770K, committed 127104K, reserved 1179648K
  class space    used 16282K, committed 17472K, reserved 1048576K
}
Event: 624.456 GC heap before
{Heap before GC invocations=58 (full 0):
 garbage-first heap   total 276480K, used 274123K [0x0000000080000000, 0x0000000100000000)
  region size 1024K, 75 young (76800K), 11 survivors (11264K)
 Metaspace       used 125082K, committed 127424K, reserved 1179648K
  class space    used 16322K, committed 17472K, reserved 1048576K
}
Event: 624.612 GC heap after
{Heap after GC invocations=59 (full 0):
 garbage-first heap   total 311296K, used 212866K [0x0000000080000000, 0x0000000100000000)
  region size 1024K, 10 young (10240K), 10 survivors (10240K)
 Metaspace       used 125082K, committed 127424K, reserved 1179648K
  class space    used 16322K, committed 17472K, reserved 1048576K
}
Event: 624.665 GC heap before
{Heap before GC invocations=59 (full 0):
 garbage-first heap   total 311296K, used 212866K [0x0000000080000000, 0x0000000100000000)
  region size 1024K, 11 young (11264K), 10 survivors (10240K)
 Metaspace       used 125082K, committed 127424K, reserved 1179648K
  class space    used 16322K, committed 17472K, reserved 1048576K
}
Event: 624.742 GC heap after
{Heap after GC invocations=60 (full 0):
 garbage-first heap   total 311296K, used 216056K [0x0000000080000000, 0x0000000100000000)
  region size 1024K, 2 young (2048K), 2 survivors (2048K)
 Metaspace       used 125082K, committed 127424K, reserved 1179648K
  class space    used 16322K, committed 17472K, reserved 1048576K
}
Event: 637.779 GC heap before
{Heap before GC invocations=61 (full 0):
 garbage-first heap   total 368640K, used 269304K [0x0000000080000000, 0x0000000100000000)
  region size 1024K, 51 young (52224K), 2 survivors (2048K)
 Metaspace       used 127635K, committed 129984K, reserved 1179648K
  class space    used 16848K, committed 18048K, reserved 1048576K
}
Event: 638.130 GC heap after
{Heap after GC invocations=62 (full 0):
 garbage-first heap   total 368640K, used 233984K [0x0000000080000000, 0x0000000100000000)
  region size 1024K, 7 young (7168K), 7 survivors (7168K)
 Metaspace       used 127635K, committed 129984K, reserved 1179648K
  class space    used 16848K, committed 18048K, reserved 1048576K
}
Event: 639.385 GC heap before
{Heap before GC invocations=62 (full 0):
 garbage-first heap   total 368640K, used 268800K [0x0000000080000000, 0x0000000100000000)
  region size 1024K, 41 young (41984K), 7 survivors (7168K)
 Metaspace       used 127691K, committed 130048K, reserved 1179648K
  class space    used 16850K, committed 18048K, reserved 1048576K
}
Event: 639.526 GC heap after
{Heap after GC invocations=63 (full 0):
 garbage-first heap   total 368640K, used 252380K [0x0000000080000000, 0x0000000100000000)
  region size 1024K, 6 young (6144K), 6 survivors (6144K)
 Metaspace       used 127691K, committed 130048K, reserved 1179648K
  class space    used 16850K, committed 18048K, reserved 1048576K
}

