# JRE version: OpenJDK Runtime Environment (21.0.4) (build 21.0.4+-12508038-b607.1)
# Java VM: OpenJDK 64-Bit Server VM (21.0.4+-12508038-b607.1, mixed mode, tiered, compressed oops, compressed class ptrs, g1 gc, windows-amd64)
GC Precious Log:
 CardTable entry size: 512
 Card Set container configuration: InlinePtr #cards 5 size 8 Array Of Cards #cards 12 size 40 Howl #buckets 4 coarsen threshold 1843 Howl Bitmap #cards 512 size 80 coarsen threshold 460 Card regions per heap region 1 cards per card region 2048
 CPUs: 4 total, 4 available
 Memory: 8103M
 Large Page Support: Disabled
 NUMA Support: Disabled
 Compressed Oops: Enabled (32-bit)
 Heap Region Size: 1M
 Heap Min Capacity: 8M
 Heap Initial Capacity: 128M
 Heap Max Capacity: 2G
 Pre-touch: Disabled
 Parallel Workers: 4
 Concurrent Workers: 1
 Concurrent Refinement Workers: 4
 Periodic GC: Disabled
Heap:
 garbage-first heap   total 179200K, used 127158K [0x0000000080000000, 0x0000000100000000)
  region size 1024K, 18 young (18432K), 6 survivors (6144K)
 Metaspace       used 114783K, committed 116928K, reserved 1179648K
  class space    used 15348K, committed 16448K, reserved 1048576K
GC Heap History (20 events):
Event: 190.735 GC heap before
{Heap before GC invocations=47 (full 0):
 garbage-first heap   total 143360K, used 127660K [0x0000000080000000, 0x0000000100000000)
  region size 1024K, 42 young (43008K), 3 survivors (3072K)
 Metaspace       used 89993K, committed 91904K, reserved 1179648K
  class space    used 11882K, committed 12864K, reserved 1048576K
}
Event: 190.748 GC heap after
{Heap after GC invocations=48 (full 0):
 garbage-first heap   total 143360K, used 89208K [0x0000000080000000, 0x0000000100000000)
  region size 1024K, 5 young (5120K), 5 survivors (5120K)
 Metaspace       used 89993K, committed 91904K, reserved 1179648K
  class space    used 11882K, committed 12864K, reserved 1048576K
}
Event: 194.368 GC heap before
{Heap before GC invocations=48 (full 0):
 garbage-first heap   total 143360K, used 128120K [0x0000000080000000, 0x0000000100000000)
  region size 1024K, 43 young (44032K), 5 survivors (5120K)
 Metaspace       used 90297K, committed 92160K, reserved 1179648K
  class space    used 11928K, committed 12864K, reserved 1048576K
}
Event: 194.382 GC heap after
{Heap after GC invocations=49 (full 0):
 garbage-first heap   total 143360K, used 93012K [0x0000000080000000, 0x0000000100000000)
  region size 1024K, 6 young (6144K), 6 survivors (6144K)
 Metaspace       used 90297K, committed 92160K, reserved 1179648K
  class space    used 11928K, committed 12864K, reserved 1048576K
}
Event: 198.010 GC heap before
{Heap before GC invocations=50 (full 0):
 garbage-first heap   total 155648K, used 127828K [0x0000000080000000, 0x0000000100000000)
  region size 1024K, 40 young (40960K), 6 survivors (6144K)
 Metaspace       used 92527K, committed 94464K, reserved 1179648K
  class space    used 12219K, committed 13184K, reserved 1048576K
}
Event: 198.031 GC heap after
{Heap after GC invocations=51 (full 0):
 garbage-first heap   total 155648K, used 95010K [0x0000000080000000, 0x0000000100000000)
  region size 1024K, 3 young (3072K), 3 survivors (3072K)
 Metaspace       used 92527K, committed 94464K, reserved 1179648K
  class space    used 12219K, committed 13184K, reserved 1048576K
}
Event: 200.685 GC heap before
{Heap before GC invocations=51 (full 0):
 garbage-first heap   total 155648K, used 140066K [0x0000000080000000, 0x0000000100000000)
  region size 1024K, 46 young (47104K), 3 survivors (3072K)
 Metaspace       used 95923K, committed 97856K, reserved 1179648K
  class space    used 12761K, committed 13760K, reserved 1048576K
}
Event: 200.700 GC heap after
{Heap after GC invocations=52 (full 0):
 garbage-first heap   total 155648K, used 95756K [0x0000000080000000, 0x0000000100000000)
  region size 1024K, 4 young (4096K), 4 survivors (4096K)
 Metaspace       used 95923K, committed 97856K, reserved 1179648K
  class space    used 12761K, committed 13760K, reserved 1048576K
}
Event: 203.518 GC heap before
{Heap before GC invocations=52 (full 0):
 garbage-first heap   total 155648K, used 141836K [0x0000000080000000, 0x0000000100000000)
  region size 1024K, 49 young (50176K), 4 survivors (4096K)
 Metaspace       used 99567K, committed 101568K, reserved 1179648K
  class space    used 13339K, committed 14336K, reserved 1048576K
}
Event: 203.529 GC heap after
{Heap after GC invocations=53 (full 0):
 garbage-first heap   total 155648K, used 97745K [0x0000000080000000, 0x0000000100000000)
  region size 1024K, 6 young (6144K), 6 survivors (6144K)
 Metaspace       used 99567K, committed 101568K, reserved 1179648K
  class space    used 13339K, committed 14336K, reserved 1048576K
}
Event: 207.360 GC heap before
{Heap before GC invocations=54 (full 0):
 garbage-first heap   total 163840K, used 140753K [0x0000000080000000, 0x0000000100000000)
  region size 1024K, 48 young (49152K), 6 survivors (6144K)
 Metaspace       used 102516K, committed 104576K, reserved 1179648K
  class space    used 13806K, committed 14848K, reserved 1048576K
}
Event: 207.377 GC heap after
{Heap after GC invocations=55 (full 0):
 garbage-first heap   total 163840K, used 100409K [0x0000000080000000, 0x0000000100000000)
  region size 1024K, 5 young (5120K), 5 survivors (5120K)
 Metaspace       used 102516K, committed 104576K, reserved 1179648K
  class space    used 13806K, committed 14848K, reserved 1048576K
}
Event: 214.435 GC heap before
{Heap before GC invocations=55 (full 0):
 garbage-first heap   total 163840K, used 149561K [0x0000000080000000, 0x0000000100000000)
  region size 1024K, 53 young (54272K), 5 survivors (5120K)
 Metaspace       used 106428K, committed 108544K, reserved 1179648K
  class space    used 14396K, committed 15424K, reserved 1048576K
}
Event: 214.450 GC heap after
{Heap after GC invocations=56 (full 0):
 garbage-first heap   total 163840K, used 102052K [0x0000000080000000, 0x0000000100000000)
  region size 1024K, 5 young (5120K), 5 survivors (5120K)
 Metaspace       used 106428K, committed 108544K, reserved 1179648K
  class space    used 14396K, committed 15424K, reserved 1048576K
}
Event: 217.319 GC heap before
{Heap before GC invocations=56 (full 0):
 garbage-first heap   total 163840K, used 149156K [0x0000000080000000, 0x0000000100000000)
  region size 1024K, 52 young (53248K), 5 survivors (5120K)
 Metaspace       used 110138K, committed 112256K, reserved 1179648K
  class space    used 14871K, committed 15936K, reserved 1048576K
}
Event: 217.336 GC heap after
{Heap after GC invocations=57 (full 0):
 garbage-first heap   total 163840K, used 106174K [0x0000000080000000, 0x0000000100000000)
  region size 1024K, 7 young (7168K), 7 survivors (7168K)
 Metaspace       used 110138K, committed 112256K, reserved 1179648K
  class space    used 14871K, committed 15936K, reserved 1048576K
}
Event: 223.480 GC heap before
{Heap before GC invocations=58 (full 0):
 garbage-first heap   total 179200K, used 149182K [0x0000000080000000, 0x0000000100000000)
  region size 1024K, 45 young (46080K), 7 survivors (7168K)
 Metaspace       used 113940K, committed 116096K, reserved 1179648K
  class space    used 15244K, committed 16320K, reserved 1048576K
}
Event: 223.502 GC heap after
{Heap after GC invocations=59 (full 0):
 garbage-first heap   total 179200K, used 111494K [0x0000000080000000, 0x0000000100000000)
  region size 1024K, 6 young (6144K), 6 survivors (6144K)
 Metaspace       used 113940K, committed 116096K, reserved 1179648K
  class space    used 15244K, committed 16320K, reserved 1048576K
}
Event: 238.845 GC heap before
{Heap before GC invocations=59 (full 0):
 garbage-first heap   total 179200K, used 161670K [0x0000000080000000, 0x0000000100000000)
  region size 1024K, 56 young (57344K), 6 survivors (6144K)
 Metaspace       used 114480K, committed 116608K, reserved 1179648K
  class space    used 15283K, committed 16384K, reserved 1048576K
}
Event: 238.869 GC heap after
{Heap after GC invocations=60 (full 0):
 garbage-first heap   total 179200K, used 115894K [0x0000000080000000, 0x0000000100000000)
  region size 1024K, 6 young (6144K), 6 survivors (6144K)
 Metaspace       used 114480K, committed 116608K, reserved 1179648K
  class space    used 15283K, committed 16384K, reserved 1048576K
}

